<?xml version="1.0" encoding="UTF-8"?>
<testsuites name="Mocha Tests" time="7.5329999999999995" tests="4" failures="0">
  <testsuite name="Root Suite" timestamp="2019-06-18T13:35:41" tests="0" failures="0" time="0">
  </testsuite>
  <testsuite name="React Shopping Application" timestamp="2019-06-18T13:35:41" tests="4" failures="0" time="7.5329999999999995">
    <testcase name="React Shopping Application Cart should contains zero products" time="3.421" classname="Cart should contains zero products">
    </testcase>
    <testcase name="React Shopping Application Add a product to cart and it should have one product" time="3.065" classname="Add a product to cart and it should have one product">
    </testcase>
    <testcase name="React Shopping Application Remove the product from cart and now it should show zero products in cart" time="0.568" classname="Remove the product from cart and now it should show zero products in cart">
    </testcase>
    <testcase name="React Shopping Application Sorting with Lowest to Highest Price" time="0.479" classname="Sorting with Lowest to Highest Price">
    </testcase>
  </testsuite>
</testsuites>